0 info it worked if it ends with ok
1 verbose cli [ '/usr/local/bin/iojs',
1 verbose cli   '/usr/local/bin/npm',
1 verbose cli   'install',
1 verbose cli   '-g',
1 verbose cli   'webpack' ]
2 info using npm@2.14.3
3 info using node@v3.3.1
4 verbose install initial load of /usr/local/lib/package.json
5 verbose readDependencies loading dependencies from /usr/local/lib/package.json
6 silly cache add args [ 'webpack', null ]
7 verbose cache add spec webpack
8 silly cache add parsed spec Result {
8 silly cache add   raw: 'webpack',
8 silly cache add   scope: null,
8 silly cache add   name: 'webpack',
8 silly cache add   rawSpec: '',
8 silly cache add   spec: '*',
8 silly cache add   type: 'range' }
9 silly addNamed webpack@*
10 verbose addNamed "*" is a valid semver range for webpack
11 silly addNameRange { name: 'webpack', range: '*', hasData: false }
12 silly mapToRegistry name webpack
13 silly mapToRegistry using default registry
14 silly mapToRegistry registry http://registry.npm.taobao.org/
15 silly mapToRegistry uri http://registry.npm.taobao.org/webpack
16 verbose addNameRange registry:http://registry.npm.taobao.org/webpack not in flight; fetching
17 verbose request uri http://registry.npm.taobao.org/webpack
18 verbose request no auth needed
19 info attempt registry request try #1 at 10:54:20
20 verbose request id cd52eeb0420b9def
21 http request GET http://registry.npm.taobao.org/webpack
22 http 200 http://registry.npm.taobao.org/webpack
23 silly get cb [ 200,
23 silly get   { server: 'nginx/1.4.6 (Ubuntu)',
23 silly get     date: 'Thu, 08 Sep 2016 02:54:19 GMT',
23 silly get     'content-type': 'application/json; charset=utf-8',
23 silly get     'transfer-encoding': 'chunked',
23 silly get     connection: 'keep-alive',
23 silly get     'x-current-requests': '1',
23 silly get     'x-readtime': '319',
23 silly get     'content-encoding': 'gzip' } ]
24 verbose get saving webpack to /Users/nan/.npm/registry.npm.taobao.org/webpack/.cache.json
25 silly addNameRange number 2 { name: 'webpack', range: '*', hasData: true }
26 silly addNameRange versions [ 'webpack',
26 silly addNameRange   [ '2.1.0-beta.22',
26 silly addNameRange     '1.13.2',
26 silly addNameRange     '2.1.0-beta.21',
26 silly addNameRange     '2.1.0-beta.20',
26 silly addNameRange     '2.1.0-beta.19',
26 silly addNameRange     '2.1.0-beta.18',
26 silly addNameRange     '2.1.0-beta.17',
26 silly addNameRange     '2.1.0-beta.16',
26 silly addNameRange     '2.1.0-beta.15',
26 silly addNameRange     '2.1.0-beta.14',
26 silly addNameRange     '2.1.0-beta.13',
26 silly addNameRange     '2.1.0-beta.12',
26 silly addNameRange     '2.1.0-beta.11',
26 silly addNameRange     '2.1.0-beta.10',
26 silly addNameRange     '2.1.0-beta.9',
26 silly addNameRange     '2.1.0-beta.8',
26 silly addNameRange     '1.13.1',
26 silly addNameRange     '2.1.0-beta.7',
26 silly addNameRange     '2.1.0-beta.6',
26 silly addNameRange     '1.13.0',
26 silly addNameRange     '1.12.15',
26 silly addNameRange     '2.1.0-beta.5',
26 silly addNameRange     '2.1.0-beta.4',
26 silly addNameRange     '2.1.0-beta.3',
26 silly addNameRange     '1.12.14',
26 silly addNameRange     '2.1.0-beta.2',
26 silly addNameRange     '2.1.0-beta.1',
26 silly addNameRange     '2.1.0-beta.0',
26 silly addNameRange     '1.12.13',
26 silly addNameRange     '2.0.7-beta',
26 silly addNameRange     '2.0.6-beta',
26 silly addNameRange     '2.0.5-beta',
26 silly addNameRange     '1.12.12',
26 silly addNameRange     '2.0.4-beta',
26 silly addNameRange     '1.12.11',
26 silly addNameRange     '1.12.10',
26 silly addNameRange     '2.0.2-beta',
26 silly addNameRange     '2.0.1-beta',
26 silly addNameRange     '1.12.9',
26 silly addNameRange     '1.12.8',
26 silly addNameRange     '1.12.7',
26 silly addNameRange     '1.12.6',
26 silly addNameRange     '1.12.5',
26 silly addNameRange     '1.12.4',
26 silly addNameRange     '1.12.3',
26 silly addNameRange     '2.0.0-beta',
26 silly addNameRange     '1.12.2',
26 silly addNameRange     '1.12.1',
26 silly addNameRange     '1.12.0',
26 silly addNameRange     '1.11.0',
26 silly addNameRange     '1.10.5',
26 silly addNameRange     '1.10.4',
26 silly addNameRange     '1.10.3',
26 silly addNameRange     '1.10.2',
26 silly addNameRange     '1.10.1',
26 silly addNameRange     '1.10.0',
26 silly addNameRange     '1.9.13',
26 silly addNameRange     '1.9.12',
26 silly addNameRange     '1.9.11',
26 silly addNameRange     '1.9.10',
26 silly addNameRange     '1.9.9',
26 silly addNameRange     '1.9.8',
26 silly addNameRange     '1.9.7',
26 silly addNameRange     '1.9.6',
26 silly addNameRange     '1.9.5',
26 silly addNameRange     '1.9.4',
26 silly addNameRange     '1.9.3',
26 silly addNameRange     '1.9.2',
26 silly addNameRange     '1.9.1',
26 silly addNameRange     '1.9.0',
26 silly addNameRange     '1.8.11',
26 silly addNameRange     '1.8.10',
26 silly addNameRange     '1.8.9',
26 silly addNameRange     '1.8.8',
26 silly addNameRange     '1.8.7',
26 silly addNameRange     '1.8.6',
26 silly addNameRange     '1.8.5',
26 silly addNameRange     '1.8.4',
26 silly addNameRange     '1.8.3',
26 silly addNameRange     '1.8.2',
26 silly addNameRange     '1.8.1',
26 silly addNameRange     '1.8.0',
26 silly addNameRange     '1.7.3',
26 silly addNameRange     '1.7.2',
26 silly addNameRange     '1.7.1',
26 silly addNameRange     '1.7.0',
26 silly addNameRange     '1.6.0',
26 silly addNameRange     '1.5.3',
26 silly addNameRange     '1.5.2',
26 silly addNameRange     '1.5.1',
26 silly addNameRange     '1.5.0',
26 silly addNameRange     '1.4.15',
26 silly addNameRange     '1.4.14',
26 silly addNameRange     '1.4.13',
26 silly addNameRange     '1.4.12',
26 silly addNameRange     '1.4.11',
26 silly addNameRange     '1.4.10',
26 silly addNameRange     '1.4.9',
26 silly addNameRange     '1.4.8',
26 silly addNameRange     '1.4.7',
26 silly addNameRange     '1.4.6',
26 silly addNameRange     '1.4.5',
26 silly addNameRange     '1.4.4',
26 silly addNameRange     '1.4.3',
26 silly addNameRange     '1.4.2',
26 silly addNameRange     '1.4.1-beta1',
26 silly addNameRange     '1.4.0-beta10',
26 silly addNameRange     '1.4.0-beta9',
26 silly addNameRange     '1.4.0-beta8',
26 silly addNameRange     '1.4.0-beta7',
26 silly addNameRange     '1.4.0-beta6',
26 silly addNameRange     '1.4.0-beta5',
26 silly addNameRange     '1.4.0-beta4',
26 silly addNameRange     '1.4.0-beta3',
26 silly addNameRange     '1.4.0-beta2',
26 silly addNameRange     '1.4.0-beta1',
26 silly addNameRange     '1.3.7',
26 silly addNameRange     '1.3.6',
26 silly addNameRange     '1.3.5',
26 silly addNameRange     '1.3.4',
26 silly addNameRange     '1.3.3-beta2',
26 silly addNameRange     '1.3.3-beta1',
26 silly addNameRange     '1.3.2-beta9',
26 silly addNameRange     '1.3.2-beta8',
26 silly addNameRange     '1.3.2-beta7',
26 silly addNameRange     '1.3.2-beta6',
26 silly addNameRange     '1.3.2-beta5',
26 silly addNameRange     '1.3.2-beta4',
26 silly addNameRange     '1.3.2-beta3',
26 silly addNameRange     '1.3.2-beta2',
26 silly addNameRange     '1.3.2-beta1',
26 silly addNameRange     '1.3.1-beta9',
26 silly addNameRange     '1.3.1-beta8',
26 silly addNameRange     '1.3.1-beta7',
26 silly addNameRange     '1.3.1-beta6',
26 silly addNameRange     '1.3.1-beta5',
26 silly addNameRange     '1.3.1-beta4',
26 silly addNameRange     '1.3.1-beta3',
26 silly addNameRange     '1.3.1-beta2',
26 silly addNameRange     '1.3.1-beta1',
26 silly addNameRange     '1.3.0-beta9',
26 silly addNameRange     '1.3.0-beta8',
26 silly addNameRange     '1.3.0-beta7',
26 silly addNameRange     '1.3.0-beta6',
26 silly addNameRange     '1.3.0-beta5',
26 silly addNameRange     '1.3.0-beta4',
26 silly addNameRange     '1.3.0-beta3',
26 silly addNameRange     '1.3.0-beta2',
26 silly addNameRange     '1.3.0-beta1',
26 silly addNameRange     '1.2.0-beta6',
26 silly addNameRange     '1.2.0-beta5',
26 silly addNameRange     '1.2.0-beta4',
26 silly addNameRange     '1.2.0-beta2',
26 silly addNameRange     '1.2.0-beta1',
26 silly addNameRange     '1.1.11',
26 silly addNameRange     '1.1.10',
26 silly addNameRange     '1.1.9',
26 silly addNameRange     '1.1.8',
26 silly addNameRange     '1.1.7',
26 silly addNameRange     '1.1.6',
26 silly addNameRange     '1.1.5',
26 silly addNameRange     '1.1.4',
26 silly addNameRange     '1.1.3',
26 silly addNameRange     '1.1.2',
26 silly addNameRange     '1.1.1',
26 silly addNameRange     '1.1.0',
26 silly addNameRange     '1.1.0-beta12',
26 silly addNameRange     '1.1.0-beta10',
26 silly addNameRange     '1.1.0-beta9',
26 silly addNameRange     '1.1.0-beta8',
26 silly addNameRange     '1.1.0-beta7',
26 silly addNameRange     '1.1.0-beta6',
26 silly addNameRange     '1.1.0-beta5',
26 silly addNameRange     '1.1.0-beta4',
26 silly addNameRange     '1.1.0-beta3',
26 silly addNameRange     '1.1.0-beta2',
26 silly addNameRange     '1.1.0-beta1',
26 silly addNameRange     '1.0.5',
26 silly addNameRange     '1.0.4',
26 silly addNameRange     '1.0.3',
26 silly addNameRange     '1.0.1',
26 silly addNameRange     '1.0.0',
26 silly addNameRange     '1.0.0-rc12',
26 silly addNameRange     '1.0.0-rc11',
26 silly addNameRange     '1.0.0-rc9',
26 silly addNameRange     '1.0.0-rc8',
26 silly addNameRange     '1.0.0-rc7',
26 silly addNameRange     '1.0.0-rc5',
26 silly addNameRange     '1.0.0-rc4',
26 silly addNameRange     '1.0.0-rc3',
26 silly addNameRange     '1.0.0-rc2',
26 silly addNameRange     '1.0.0-rc1',
26 silly addNameRange     '1.0.0-beta9',
26 silly addNameRange     '1.0.0-beta8',
26 silly addNameRange     '1.0.0-beta7',
26 silly addNameRange     '1.0.0-beta6',
26 silly addNameRange     '1.0.0-beta5',
26 silly addNameRange     '0.11.18',
26 silly addNameRange     '0.11.17',
26 silly addNameRange     '0.11.16',
26 silly addNameRange     '1.0.0-beta4',
26 silly addNameRange     '1.0.0-beta3',
26 silly addNameRange     '1.0.0-beta2',
26 silly addNameRange     '1.0.0-beta1',
26 silly addNameRange     '0.11.15',
26 silly addNameRange     '0.11.14',
26 silly addNameRange     '0.11.13',
26 silly addNameRange     '0.11.12',
26 silly addNameRange     '0.11.11',
26 silly addNameRange     '0.11.10',
26 silly addNameRange     '0.11.9',
26 silly addNameRange     '0.11.8',
26 silly addNameRange     '0.11.7',
26 silly addNameRange     '0.11.6',
26 silly addNameRange     '0.11.5',
26 silly addNameRange     '0.11.4',
26 silly addNameRange     '0.11.3',
26 silly addNameRange     '0.11.2',
26 silly addNameRange     '0.11.1',
26 silly addNameRange     '0.11.0',
26 silly addNameRange     '0.11.0-beta29',
26 silly addNameRange     '0.11.0-beta28',
26 silly addNameRange     '0.11.0-beta27',
26 silly addNameRange     '0.11.0-beta26',
26 silly addNameRange     '0.11.0-beta25',
26 silly addNameRange     '0.11.0-beta24',
26 silly addNameRange     '0.11.0-beta23',
26 silly addNameRange     '0.11.0-beta22',
26 silly addNameRange     '0.11.0-beta21',
26 silly addNameRange     '0.11.0-beta20',
26 silly addNameRange     '0.11.0-beta19',
26 silly addNameRange     '0.11.0-beta18',
26 silly addNameRange     '0.11.0-beta17',
26 silly addNameRange     '0.11.0-beta16',
26 silly addNameRange     '0.11.0-beta15',
26 silly addNameRange     '0.11.0-beta14',
26 silly addNameRange     '0.11.0-beta13',
26 silly addNameRange     '0.11.0-beta12',
26 silly addNameRange     '0.11.0-beta11',
26 silly addNameRange     '0.11.0-beta10',
26 silly addNameRange     '0.11.0-beta9',
26 silly addNameRange     '0.11.0-beta8',
26 silly addNameRange     '0.11.0-beta7',
26 silly addNameRange     '0.11.0-beta6',
26 silly addNameRange     '0.11.0-beta5',
26 silly addNameRange     '0.11.0-beta4',
26 silly addNameRange     '0.11.0-beta3',
26 silly addNameRange     '0.11.0-beta2',
26 silly addNameRange     '0.11.0-beta1',
26 silly addNameRange     '0.10.0',
26 silly addNameRange     '0.10.0-beta25',
26 silly addNameRange     '0.10.0-beta24',
26 silly addNameRange     '0.10.0-beta23',
26 silly addNameRange     '0.10.0-beta22',
26 silly addNameRange     '0.10.0-beta21',
26 silly addNameRange     '0.10.0-beta20',
26 silly addNameRange     '0.10.0-beta19',
26 silly addNameRange     '0.10.0-beta18',
26 silly addNameRange     '0.10.0-beta17',
26 silly addNameRange     '0.10.0-beta16',
26 silly addNameRange     '0.10.0-beta15',
26 silly addNameRange     '0.10.0-beta14',
26 silly addNameRange     '0.10.0-beta13',
26 silly addNameRange     '0.10.0-beta12',
26 silly addNameRange     '0.10.0-beta11',
26 silly addNameRange     '0.10.0-beta10',
26 silly addNameRange     '0.10.0-beta9',
26 silly addNameRange     '0.10.0-beta8',
26 silly addNameRange     '0.10.0-beta7',
26 silly addNameRange     '0.10.0-beta6',
26 silly addNameRange     '0.10.0-beta5',
26 silly addNameRange     '0.10.0-beta3',
26 silly addNameRange     '0.10.0-beta2',
26 silly addNameRange     '0.9.3',
26 silly addNameRange     '0.9.2',
26 silly addNameRange     '0.9.1',
26 silly addNameRange     '0.9.0',
26 silly addNameRange     '0.9.0-beta38',
26 silly addNameRange     '0.9.0-beta37',
26 silly addNameRange     '0.9.0-beta36',
26 silly addNameRange     '0.9.0-beta35',
26 silly addNameRange     '0.9.0-beta34',
26 silly addNameRange     '0.9.0-beta33',
26 silly addNameRange     '0.9.0-beta32',
26 silly addNameRange     '0.9.0-beta31',
26 silly addNameRange     '0.9.0-beta30',
26 silly addNameRange     '0.9.0-beta29',
26 silly addNameRange     '0.9.0-beta28',
26 silly addNameRange     '0.9.0-beta27',
26 silly addNameRange     '0.9.0-beta26',
26 silly addNameRange     '0.9.0-beta25',
26 silly addNameRange     '0.9.0-beta24',
26 silly addNameRange     '0.9.0-beta23',
26 silly addNameRange     '0.9.0-beta22',
26 silly addNameRange     '0.9.0-beta21',
26 silly addNameRange     '0.9.0-beta20',
26 silly addNameRange     '0.9.0-beta19',
26 silly addNameRange     '0.9.0-beta18',
26 silly addNameRange     '0.9.0-beta17',
26 silly addNameRange     '0.9.0-beta16',
26 silly addNameRange     '0.9.0-beta15',
26 silly addNameRange     '0.9.0-beta14',
26 silly addNameRange     '0.9.0-beta13',
26 silly addNameRange     '0.9.0-beta12',
26 silly addNameRange     '0.9.0-beta11',
26 silly addNameRange     '0.9.0-beta10',
26 silly addNameRange     '0.9.0-beta9',
26 silly addNameRange     '0.9.0-beta8',
26 silly addNameRange     '0.9.0-beta7',
26 silly addNameRange     '0.9.0-beta6',
26 silly addNameRange     '0.9.0-beta5',
26 silly addNameRange     '0.9.0-beta4',
26 silly addNameRange     '0.9.0-beta2',
26 silly addNameRange     '0.9.0-beta1',
26 silly addNameRange     '0.8.3',
26 silly addNameRange     '0.8.2',
26 silly addNameRange     '0.8.0',
26 silly addNameRange     '0.8.0-beta4',
26 silly addNameRange     '0.8.0-beta3',
26 silly addNameRange     '0.8.0-beta2',
26 silly addNameRange     '0.8.0-beta1',
26 silly addNameRange     '0.7.17',
26 silly addNameRange     '0.7.16',
26 silly addNameRange     '0.7.15',
26 silly addNameRange     '0.7.14',
26 silly addNameRange     '0.7.13',
26 silly addNameRange     '0.7.12',
26 silly addNameRange     '0.7.11',
26 silly addNameRange     '0.7.9',
26 silly addNameRange     '0.7.8',
26 silly addNameRange     '0.7.7',
26 silly addNameRange     '0.7.6',
26 silly addNameRange     '0.7.5',
26 silly addNameRange     '0.7.4',
26 silly addNameRange     '0.7.3',
26 silly addNameRange     '0.7.2',
26 silly addNameRange     '0.7.1',
26 silly addNameRange     '0.7.0',
26 silly addNameRange     '0.7.0-beta8',
26 silly addNameRange     '0.7.0-beta7',
26 silly addNameRange     '0.7.0-beta6',
26 silly addNameRange     '0.7.0-beta5',
26 silly addNameRange     '0.7.0-beta4',
26 silly addNameRange     '0.7.0-beta3',
26 silly addNameRange     '0.7.0-beta2',
26 silly addNameRange     '0.7.0-beta',
26 silly addNameRange     '0.6.2',
26 silly addNameRange     '0.6.1',
26 silly addNameRange     '0.6.0',
26 silly addNameRange     '0.5.10',
26 silly addNameRange     '0.5.8',
26 silly addNameRange     '0.5.7',
26 silly addNameRange     '0.5.6',
26 silly addNameRange     '0.5.5',
26 silly addNameRange     '0.5.4',
26 silly addNameRange     '0.5.3',
26 silly addNameRange     '0.5.2',
26 silly addNameRange     '0.5.1',
26 silly addNameRange     '0.5.0',
26 silly addNameRange     '0.4.25',
26 silly addNameRange     '0.4.24',
26 silly addNameRange     '0.4.23',
26 silly addNameRange     '0.4.21',
26 silly addNameRange     '0.4.20',
26 silly addNameRange     '0.4.19',
26 silly addNameRange     '0.4.18',
26 silly addNameRange     '0.4.17',
26 silly addNameRange     '0.4.16',
26 silly addNameRange     '0.4.15',
26 silly addNameRange     '0.4.14',
26 silly addNameRange     '0.4.13',
26 silly addNameRange     '0.4.12',
26 silly addNameRange     '0.4.11',
26 silly addNameRange     '0.4.10',
26 silly addNameRange     '0.4.9',
26 silly addNameRange     '0.4.8',
26 silly addNameRange     '0.4.7',
26 silly addNameRange     '0.4.6',
26 silly addNameRange     '0.4.5',
26 silly addNameRange     '0.4.4',
26 silly addNameRange     '0.4.3',
26 silly addNameRange     '0.4.2',
26 silly addNameRange     '0.4.1',
26 silly addNameRange     '0.4.0',
26 silly addNameRange     '0.3.20',
26 silly addNameRange     '0.3.19',
26 silly addNameRange     '0.3.18',
26 silly addNameRange     '0.3.17',
26 silly addNameRange     '0.3.16',
26 silly addNameRange     '0.3.15',
26 silly addNameRange     '0.3.14',
26 silly addNameRange     '0.3.13',
26 silly addNameRange     '0.3.12',
26 silly addNameRange     '0.3.11',
26 silly addNameRange     '0.3.10',
26 silly addNameRange     '0.3.9',
26 silly addNameRange     '0.3.8',
26 silly addNameRange     '0.3.7',
26 silly addNameRange     '0.3.6',
26 silly addNameRange     '0.3.4',
26 silly addNameRange     '0.3.3',
26 silly addNameRange     '0.3.2',
26 silly addNameRange     '0.3.1',
26 silly addNameRange     '0.3.0',
26 silly addNameRange     '0.2.8',
26 silly addNameRange     '0.2.7',
26 silly addNameRange     '0.2.6',
26 silly addNameRange     '0.2.4',
26 silly addNameRange     '0.2.3',
26 silly addNameRange     '0.2.2',
26 silly addNameRange     '0.2.1',
26 silly addNameRange     '0.2.0',
26 silly addNameRange     '0.1.6',
26 silly addNameRange     '0.1.5',
26 silly addNameRange     '0.1.4',
26 silly addNameRange     '0.1.3',
26 silly addNameRange     '0.1.2',
26 silly addNameRange     '0.1.1',
26 silly addNameRange     '0.1.0' ] ]
27 silly addNamed webpack@1.13.2
28 verbose addNamed "1.13.2" is a plain semver version for webpack
29 silly cache afterAdd webpack@1.13.2
30 verbose afterAdd /Users/nan/.npm/webpack/1.13.2/package/package.json not in flight; writing
31 verbose afterAdd /Users/nan/.npm/webpack/1.13.2/package/package.json written
32 silly install resolved [ { name: 'webpack',
32 silly install resolved     version: '1.13.2',
32 silly install resolved     author: { name: 'Tobias Koppers @sokra' },
32 silly install resolved     description: 'Packs CommonJs/AMD modules for the browser. Allows to split your codebase into multiple bundles, which can be loaded on demand. Support loaders to preprocess files, i.e. json, jade, coffee, css, less, ... and your custom stuff.',
32 silly install resolved     dependencies:
32 silly install resolved      { async: '^1.3.0',
32 silly install resolved        clone: '^1.0.2',
32 silly install resolved        'enhanced-resolve': '~0.9.0',
32 silly install resolved        acorn: '^3.0.0',
32 silly install resolved        interpret: '^0.6.4',
32 silly install resolved        'loader-utils': '^0.2.11',
32 silly install resolved        'memory-fs': '~0.3.0',
32 silly install resolved        mkdirp: '~0.5.0',
32 silly install resolved        'node-libs-browser': '^0.6.0',
32 silly install resolved        optimist: '~0.6.0',
32 silly install resolved        'supports-color': '^3.1.0',
32 silly install resolved        tapable: '~0.1.8',
32 silly install resolved        'uglify-js': '~2.6.0',
32 silly install resolved        watchpack: '^0.2.1',
32 silly install resolved        'webpack-core': '~0.6.0' },
32 silly install resolved     license: 'MIT',
32 silly install resolved     devDependencies:
32 silly install resolved      { benchmark: '^1.0.0',
32 silly install resolved        'bundle-loader': '~0.5.0',
32 silly install resolved        'codecov.io': '^0.1.2',
32 silly install resolved        'coffee-loader': '~0.7.1',
32 silly install resolved        'coffee-script': '^1.10.0',
32 silly install resolved        'component-webpack-plugin': '~0.2.0',
32 silly install resolved        coveralls: '^2.11.2',
32 silly install resolved        'css-loader': '~0.15.0',
32 silly install resolved        diff: '^2.0.2',
32 silly install resolved        eslint: '^1.1.0',
32 silly install resolved        'eslint-plugin-nodeca': '^1.0.3',
32 silly install resolved        express: '~4.13.1',
32 silly install resolved        'extract-text-webpack-plugin': '~0.8.0',
32 silly install resolved        'file-loader': '~0.8.0',
32 silly install resolved        glob: '^5.0.14',
32 silly install resolved        'i18n-webpack-plugin': '~0.2.0',
32 silly install resolved        istanbul: '^0.3.13',
32 silly install resolved        jade: '^1.11.0',
32 silly install resolved        'jade-loader': '~0.7.0',
32 silly install resolved        'js-beautify': '^1.5.10',
32 silly install resolved        'json-loader': '~0.5.1',
32 silly install resolved        less: '^2.5.1',
32 silly install resolved        'less-loader': '^2.0.0',
32 silly install resolved        mocha: '~2.2.0',
32 silly install resolved        'mocha-lcov-reporter': '0.0.2',
32 silly install resolved        'raw-loader': '~0.5.0',
32 silly install resolved        'script-loader': '~0.6.0',
32 silly install resolved        should: '^7.0.2',
32 silly install resolved        'style-loader': '~0.12.0',
32 silly install resolved        'url-loader': '~0.5.0',
32 silly install resolved        'val-loader': '~0.5.0',
32 silly install resolved        'vm-browserify': '~0.0.0',
32 silly install resolved        'webpack-dev-middleware': '^1.0.0',
32 silly install resolved        'worker-loader': '~0.6.0' },
32 silly install resolved     engines: { node: '>=0.6' },
32 silly install resolved     repository:
32 silly install resolved      { type: 'git',
32 silly install resolved        url: 'git+https://github.com/webpack/webpack.git' },
32 silly install resolved     homepage: 'https://github.com/webpack/webpack',
32 silly install resolved     main: 'lib/webpack.js',
32 silly install resolved     web: 'lib/webpack.web.js',
32 silly install resolved     bin: { webpack: './bin/webpack.js' },
32 silly install resolved     files: [ 'lib/', 'bin/', 'buildin/', 'hot/', 'web_modules/' ],
32 silly install resolved     scripts:
32 silly install resolved      { pretest: 'npm run lint && npm run beautify-lint',
32 silly install resolved        test: 'mocha',
32 silly install resolved        travis: 'npm run cover -- --report lcovonly',
32 silly install resolved        lint: 'eslint lib bin hot scripts',
32 silly install resolved        'beautify-lint': 'node ./scripts/beautify-check',
32 silly install resolved        beautify: 'node ./scripts/beautify-rewrite',
32 silly install resolved        precover: 'npm run lint && npm run beautify-lint',
32 silly install resolved        cover: 'istanbul cover -x *.runtime.js node_modules/mocha/bin/_mocha',
32 silly install resolved        'publish-patch': 'npm run lint && npm run beautify-lint && mocha && npm version patch && git push && git push --tags && npm publish' },
32 silly install resolved     gitHead: '4b20545b375da82aa6418e6d498f01d543110af0',
32 silly install resolved     bugs: { url: 'https://github.com/webpack/webpack/issues' },
32 silly install resolved     _id: 'webpack@1.13.2',
32 silly install resolved     _shasum: 'f11a96f458eb752970a86abe746c0704fabafaf3',
32 silly install resolved     _from: 'webpack@*',
32 silly install resolved     _npmVersion: '3.8.3',
32 silly install resolved     _nodeVersion: '5.10.1',
32 silly install resolved     _npmUser: { name: 'sokra', email: 'tobias.koppers@googlemail.com' },
32 silly install resolved     dist:
32 silly install resolved      { shasum: 'f11a96f458eb752970a86abe746c0704fabafaf3',
32 silly install resolved        size: 107271,
32 silly install resolved        noattachment: false,
32 silly install resolved        tarball: 'http://registry.npm.taobao.org/webpack/download/webpack-1.13.2.tgz' },
32 silly install resolved     maintainers: [ [Object] ],
32 silly install resolved     _npmOperationalInternal:
32 silly install resolved      { host: 'packages-16-east.internal.npmjs.com',
32 silly install resolved        tmp: 'tmp/webpack-1.13.2.tgz_1471509127953_0.21838289056904614' },
32 silly install resolved     directories: {},
32 silly install resolved     publish_time: 1471509128941,
32 silly install resolved     _cnpm_publish_time: 1471509128941,
32 silly install resolved     _resolved: 'http://registry.npm.taobao.org/webpack/download/webpack-1.13.2.tgz',
32 silly install resolved     readme: 'ERROR: No README data found!' } ]
33 info install webpack@1.13.2 into /usr/local/lib
34 info installOne webpack@1.13.2
35 verbose installOne of webpack to /usr/local/lib not in flight; installing
36 verbose lock using /Users/nan/.npm/_locks/webpack-865c90cad072eb35.lock for /usr/local/lib/node_modules/webpack
37 silly install write writing webpack 1.13.2 to /usr/local/lib/node_modules/webpack
38 verbose unbuild lib/node_modules/webpack
39 info preuninstall webpack@1.11.0
40 info uninstall webpack@1.11.0
41 verbose unbuild rmStuff webpack@1.11.0 from /usr/local/lib/node_modules
42 silly gentlyRm /usr/local/bin/webpack is being gently removed
43 silly gentlyRm verifying /usr/local is an npm working directory
44 silly gentlyRm containing path /usr/local is under npm's control, in /usr/local
45 silly gentlyRm deletion target /usr/local/bin/webpack is under /usr/local
46 verbose gentlyRm vacuuming from /usr/local/bin/webpack up to /usr/local
47 silly vacuum-fs removing /usr/local/bin/webpack
48 silly vacuum-fs quitting because other entries in /usr/local/bin
49 info postuninstall webpack@1.11.0
50 silly gentlyRm /usr/local/lib/node_modules/webpack is being purged from base /usr/local
51 verbose gentlyRm don't care about contents; nuking /usr/local/lib/node_modules/webpack
52 silly vacuum-fs purging /usr/local/lib/node_modules/webpack
53 verbose unlock done using /Users/nan/.npm/_locks/webpack-865c90cad072eb35.lock for /usr/local/lib/node_modules/webpack
54 verbose stack Error: EACCES: permission denied, unlink '/usr/local/lib/node_modules/webpack/LICENSE'
54 verbose stack     at Error (native)
55 verbose cwd /Users/nan/Documents/webexamples/js/node
56 error Darwin 15.6.0
57 error argv "/usr/local/bin/iojs" "/usr/local/bin/npm" "install" "-g" "webpack"
58 error node v3.3.1
59 error npm  v2.14.3
60 error path /usr/local/lib/node_modules/webpack/LICENSE
61 error code EACCES
62 error errno -13
63 error syscall unlink
64 error Error: EACCES: permission denied, unlink '/usr/local/lib/node_modules/webpack/LICENSE'
64 error     at Error (native)
64 error  { [Error: EACCES: permission denied, unlink '/usr/local/lib/node_modules/webpack/LICENSE']
64 error   errno: -13,
64 error   code: 'EACCES',
64 error   syscall: 'unlink',
64 error   path: '/usr/local/lib/node_modules/webpack/LICENSE' }
65 error Please try running this command again as root/Administrator.
66 verbose exit [ -13, true ]
67 verbose unbuild lib/node_modules/webpack
68 info preuninstall webpack@1.11.0
69 info uninstall webpack@1.11.0
70 verbose unbuild rmStuff webpack@1.11.0 from /usr/local/lib/node_modules
71 silly gentlyRm /usr/local/bin/webpack is being gently removed
72 silly gentlyRm verifying /usr/local is an npm working directory
73 silly gentlyRm containing path /usr/local is under npm's control, in /usr/local
74 silly gentlyRm deletion target /usr/local/bin/webpack is under /usr/local
75 verbose gentlyRm vacuuming from /usr/local/bin/webpack up to /usr/local
76 info postuninstall webpack@1.11.0
77 silly gentlyRm /usr/local/lib/node_modules/webpack is being purged from base /usr/local
78 verbose gentlyRm don't care about contents; nuking /usr/local/lib/node_modules/webpack
79 silly vacuum-fs purging /usr/local/lib/node_modules/webpack
80 error error rolling back Error: EACCES: permission denied, unlink '/usr/local/lib/node_modules/webpack/LICENSE'
80 error error rolling back     at Error (native)
80 error error rolling back  { [Error: EACCES: permission denied, unlink '/usr/local/lib/node_modules/webpack/LICENSE']
80 error error rolling back   errno: -13,
80 error error rolling back   code: 'EACCES',
80 error error rolling back   syscall: 'unlink',
80 error error rolling back   path: '/usr/local/lib/node_modules/webpack/LICENSE' }
